2025-05-05T19:17:41.4717465Z Container start method called.
2025-05-05T19:17:41.4728377Z Establishing network.
2025-05-05T19:17:41.4731359Z Pulling image: appsvc/python:3.10_20250213.3.tuxprod.
2025-05-05T19:17:50.9795124Z Image appsvc/python:3.10_20250213.3.tuxprod is pulled from registry 10.1.0.7:13209
2025-05-05T19:17:50.9904134Z Container is starting.
2025-05-05T19:17:50.9905561Z Establishing user namespace if not established already.
2025-05-05T19:17:50.9906483Z Establishing network if not established already.
2025-05-05T19:17:50.9907256Z Mounting volumes.
2025-05-05T19:17:50.9914579Z Nested mountpoint 
2025-05-05T19:17:50.9990681Z Nested mountpoint volatile/logs
2025-05-05T19:17:51.0024642Z Nested mountpoint 
2025-05-05T19:17:51.0201407Z Nested mountpoint 
2025-05-05T19:17:51.0207045Z Nested mountpoint 
2025-05-05T19:17:51.0211206Z Nested mountpoint 
2025-05-05T19:17:51.0335267Z Nested mountpoint 
2025-05-05T19:17:51.0357867Z Nested mountpoint 
2025-05-05T19:17:51.0375589Z Nested mountpoint 
2025-05-05T19:17:51.0388349Z Nested mountpoint 
2025-05-05T19:17:51.4756521Z Creating container.
2025-05-05T19:17:51.4757692Z Creating pipes for streaming container io.
2025-05-05T19:17:51.4760508Z Creating stdout named pipe at /podr/container/pipe/ad8972c0_msdocs-python-webapp-quickstart-rmb/stdout_36bb8e1fb651405b9413acb872e6f504.
2025-05-05T19:17:51.4766905Z Successfully created stdout named pipe at: /podr/container/pipe/ad8972c0_msdocs-python-webapp-quickstart-rmb/stdout_36bb8e1fb651405b9413acb872e6f504.
2025-05-05T19:17:51.4767976Z Opening named pipe /podr/container/pipe/ad8972c0_msdocs-python-webapp-quickstart-rmb/stdout_36bb8e1fb651405b9413acb872e6f504 for reading in non-blocking mode.
2025-05-05T19:17:51.4773325Z Successfully opened named pipe: /podr/container/pipe/ad8972c0_msdocs-python-webapp-quickstart-rmb/stdout_36bb8e1fb651405b9413acb872e6f504.
2025-05-05T19:17:51.4774766Z Successfully removed non-blocking flag from /podr/container/pipe/ad8972c0_msdocs-python-webapp-quickstart-rmb/stdout_36bb8e1fb651405b9413acb872e6f504.
2025-05-05T19:17:51.4779954Z Creating stderr named pipe at /podr/container/pipe/ad8972c0_msdocs-python-webapp-quickstart-rmb/stderr_f998e19af8a349b7b63880635389cd00.
2025-05-05T19:17:51.4782401Z Successfully created stderr named pipe at: /podr/container/pipe/ad8972c0_msdocs-python-webapp-quickstart-rmb/stderr_f998e19af8a349b7b63880635389cd00.
2025-05-05T19:17:51.4783850Z Opening named pipe /podr/container/pipe/ad8972c0_msdocs-python-webapp-quickstart-rmb/stderr_f998e19af8a349b7b63880635389cd00 for reading in non-blocking mode.
2025-05-05T19:17:51.4785186Z Successfully opened named pipe: /podr/container/pipe/ad8972c0_msdocs-python-webapp-quickstart-rmb/stderr_f998e19af8a349b7b63880635389cd00.
2025-05-05T19:17:51.4786792Z Successfully removed non-blocking flag from /podr/container/pipe/ad8972c0_msdocs-python-webapp-quickstart-rmb/stderr_f998e19af8a349b7b63880635389cd00.
2025-05-05T19:17:51.4808543Z Creating container with image: appsvc/python:3.10_20250213.3.tuxprod from registry: 10.1.0.7:13209 and fully qualified image name: 10.1.0.7:13209/appsvc/python:3.10_20250213.3.tuxprod
2025-05-05T19:17:51.7562535Z Starting container: ad8972c0_msdocs-python-webapp-quickstart-rmb.
2025-05-05T19:17:51.7732099Z Starting watchers and probes.
2025-05-05T19:17:51.8032256Z Starting metrics collection.
2025-05-05T19:17:51.8065077Z Container is running.
2025-05-05T19:17:51.8621134Z Container start method finished after 10390 ms.
2025-05-05T19:17:59.1339718Z Site startup probe succeeded after 7.2431449 seconds.
2025-05-05T19:17:59.7768666Z Site started.
2025-05-05T19:17:59.7997645Z Site is running with deployment version: 00c9c262-5fed-4fb0-88d7-36d91b7e3d39
2025-05-05T19:20:44.7876889Z Container start method called.
2025-05-05T19:20:44.7878026Z Establishing network.
2025-05-05T19:20:44.7878787Z Pulling image: appsvc/python:3.10_20250213.3.tuxprod.
2025-05-05T19:20:45.1631223Z Image appsvc/python:3.10_20250213.3.tuxprod is pulled from registry 10.1.0.4:13209
2025-05-05T19:20:45.1636430Z Container is starting.
2025-05-05T19:20:45.1639308Z Establishing user namespace if not established already.
2025-05-05T19:20:45.1643991Z Establishing network if not established already.
2025-05-05T19:20:45.1647483Z Mounting volumes.
2025-05-05T19:20:45.1655405Z Nested mountpoint 
2025-05-05T19:20:45.1680458Z Nested mountpoint volatile/logs
2025-05-05T19:20:45.1710420Z Nested mountpoint 
2025-05-05T19:20:45.1731084Z Nested mountpoint 
2025-05-05T19:20:45.1749503Z Nested mountpoint 
2025-05-05T19:20:45.1766564Z Nested mountpoint 
2025-05-05T19:20:45.1837639Z Nested mountpoint 
2025-05-05T19:20:45.1843657Z Nested mountpoint 
2025-05-05T19:20:45.1872261Z Nested mountpoint 
2025-05-05T19:20:45.1905725Z Nested mountpoint 
2025-05-05T19:20:45.6332278Z Creating container.
2025-05-05T19:20:45.6336238Z Creating pipes for streaming container io.
2025-05-05T19:20:45.6339722Z Creating stdout named pipe at /podr/container/pipe/34de0832_msdocs-python-webapp-quickstart-rmb/stdout_89beaf9fcb2d4d3082b82c1c6fd6e59d.
2025-05-05T19:20:45.6344359Z Successfully created stdout named pipe at: /podr/container/pipe/34de0832_msdocs-python-webapp-quickstart-rmb/stdout_89beaf9fcb2d4d3082b82c1c6fd6e59d.
2025-05-05T19:20:45.6347943Z Opening named pipe /podr/container/pipe/34de0832_msdocs-python-webapp-quickstart-rmb/stdout_89beaf9fcb2d4d3082b82c1c6fd6e59d for reading in non-blocking mode.
2025-05-05T19:20:45.6362484Z Successfully opened named pipe: /podr/container/pipe/34de0832_msdocs-python-webapp-quickstart-rmb/stdout_89beaf9fcb2d4d3082b82c1c6fd6e59d.
2025-05-05T19:20:45.6366054Z Successfully removed non-blocking flag from /podr/container/pipe/34de0832_msdocs-python-webapp-quickstart-rmb/stdout_89beaf9fcb2d4d3082b82c1c6fd6e59d.
2025-05-05T19:20:45.6370608Z Creating stderr named pipe at /podr/container/pipe/34de0832_msdocs-python-webapp-quickstart-rmb/stderr_ac40df0a3e37415099294f58ba4e9c74.
2025-05-05T19:20:45.6374579Z Successfully created stderr named pipe at: /podr/container/pipe/34de0832_msdocs-python-webapp-quickstart-rmb/stderr_ac40df0a3e37415099294f58ba4e9c74.
2025-05-05T19:20:45.6378138Z Opening named pipe /podr/container/pipe/34de0832_msdocs-python-webapp-quickstart-rmb/stderr_ac40df0a3e37415099294f58ba4e9c74 for reading in non-blocking mode.
2025-05-05T19:20:45.6389388Z Successfully opened named pipe: /podr/container/pipe/34de0832_msdocs-python-webapp-quickstart-rmb/stderr_ac40df0a3e37415099294f58ba4e9c74.
2025-05-05T19:20:45.6404969Z Successfully removed non-blocking flag from /podr/container/pipe/34de0832_msdocs-python-webapp-quickstart-rmb/stderr_ac40df0a3e37415099294f58ba4e9c74.
2025-05-05T19:20:45.6416156Z Creating container with image: appsvc/python:3.10_20250213.3.tuxprod from registry: 10.1.0.4:13209 and fully qualified image name: 10.1.0.4:13209/appsvc/python:3.10_20250213.3.tuxprod
2025-05-05T19:20:47.2958213Z Starting container: 34de0832_msdocs-python-webapp-quickstart-rmb.
2025-05-05T19:20:47.3254636Z Starting watchers and probes.
2025-05-05T19:20:47.3302946Z Starting metrics collection.
2025-05-05T19:20:47.3312657Z Container is running.
2025-05-05T19:20:47.3649944Z Container start method finished after 2576 ms.
2025-05-05T19:20:54.9916983Z Site startup probe succeeded after 7.6221948 seconds.
2025-05-05T19:20:55.0979300Z Site started.
2025-05-05T19:20:55.1042513Z Site is running with deployment version: 00c9c262-5fed-4fb0-88d7-36d91b7e3d39
2025-05-05T19:21:15.1351042Z Container is terminating. Grace period: 5 seconds.
2025-05-05T19:21:15.1469269Z Stop and delete container. Retry count = 0
2025-05-05T19:21:15.1470867Z Stopping container: ad8972c0_msdocs-python-webapp-quickstart-rmb.
2025-05-05T19:21:20.1629238Z Deleting container: ad8972c0_msdocs-python-webapp-quickstart-rmb. Retry count = 0
2025-05-05T19:21:20.3330163Z Container spec TerminationMessagePolicy  path 
2025-05-05T19:21:20.3336293Z Container is terminated. Total time elapsed: 5198 ms.
