2025-05-05T19:16:55.1352331Z chown: changing ownership of '/temp': Operation not permitted
2025-05-05T19:16:55.1371299Z chmod: changing permissions of '/temp': Operation not permitted
2025-05-05T19:16:57.0095386Z     __ __          __      __    _ __     
2025-05-05T19:16:57.0095736Z    / //_/_  _ ____/ /_  __/ /   (_) /____ 
2025-05-05T19:16:57.0095772Z   / ,< / / / / __  / / / / /   / / __/ _  
2025-05-05T19:16:57.0095799Z  / /| / /_/ / /_/ / /_/ / /___/ / /_/  __/
2025-05-05T19:16:57.0095847Z /_/ |_\__,_/\__,_/\__,_/_____/_/\__/\___/ 
2025-05-05T19:16:57.0095921Z 
2025-05-05T19:16:57.0096024Z                                           
2025-05-05T19:16:57.0096053Z DEBUG CONSOLE | AZURE APP SERVICE ON LINUX
2025-05-05T19:16:57.0096080Z 
2025-05-05T19:16:57.0096106Z Documentation: http://aka.ms/webapp-linux
2025-05-05T19:16:57.0096172Z Kudu Version : 20250415.4
2025-05-05T19:16:57.0096205Z Commit       : 4daf9e0c104d05cf6c82d02a0722563488f851b4
2025-05-05T19:16:57.0096226Z 
2025-05-05T19:16:57.0096278Z Restarting OpenBSD Secure Shell server: sshd.
2025-05-05T19:16:57.0096310Z node not running, starting node /opt/webssh/index.js
2025-05-05T19:16:57.0096354Z Mon May 5 19:16:56 UTC 2025 running .net core
2025-05-05T19:16:57.4639938Z Startup : 07.16.57.456144
2025-05-05T19:16:57.4841044Z Configure Services : 07.16.57.483913
2025-05-05T19:16:57.6653459Z Configure : 07.16.57.665175
2025-05-05T19:16:57.8232206Z Setting Up Routes : 07.16.57.822970
2025-05-05T19:16:57.9178137Z Exiting Configure : 07.16.57.917650
2025-05-05T19:16:58.0009015Z [40m[1m[33mwarn[39m[22m[49m: Microsoft.AspNetCore.DataProtection.KeyManagement.XmlKeyManager[35]
2025-05-05T19:16:58.0009565Z       No XML encryptor configured. Key {eee0e4ac-1fe7-42ee-b2cf-3a79b5d4dd6b} may be persisted to storage in unencrypted form.
2025-05-05T19:16:58.0620611Z Hosting environment: Production
2025-05-05T19:16:58.0621163Z Content root path: /opt/Kudu
2025-05-05T19:16:58.0623329Z Now listening on: http://0.0.0.0:8181
2025-05-05T19:16:58.0624302Z Application started. Press Ctrl+C to shut down.
2025-05-05T19:17:04.3551826Z Deploy Async
2025-05-05T19:17:07.0743440Z Operation performed by Microsoft Oryx, https://github.com/Microsoft/Oryx
2025-05-05T19:17:07.0817044Z You can report issues at https://github.com/Microsoft/Oryx/issues
2025-05-05T19:17:07.0929060Z 
2025-05-05T19:17:07.1006624Z Oryx Version: 0.2.20250107.1+ef3fb2f9c490a4fbb1f76b5746cd4ba2ff0409f4, Commit: ef3fb2f9c490a4fbb1f76b5746cd4ba2ff0409f4, ReleaseTagName: 20250107.1
2025-05-05T19:17:07.1076865Z 
2025-05-05T19:17:07.1168538Z Build Operation ID: 0bf5a6b10c464f0d
2025-05-05T19:17:07.1245523Z Repository Commit : 00c9c262-5fed-4fb0-88d7-36d91b7e3d39
2025-05-05T19:17:07.1299474Z OS Type           : bullseye
2025-05-05T19:17:07.1368880Z Image Type        : githubactions
2025-05-05T19:17:07.1436429Z 
2025-05-05T19:17:07.1519133Z Detecting platforms...
2025-05-05T19:17:07.6661481Z Detected following platforms:
2025-05-05T19:17:07.6763950Z   python: 3.10.17
2025-05-05T19:17:07.6814182Z Version '3.10.17' of platform 'python' is not installed. Generating script to install it...
2025-05-05T19:17:08.3325335Z 
2025-05-05T19:17:08.3325563Z Using intermediate directory '/tmp/8dd8c096c8b2d70'.
2025-05-05T19:17:08.3325581Z 
2025-05-05T19:17:08.3325607Z Copying files to the intermediate directory...
2025-05-05T19:17:08.3325624Z Done in 0 sec(s).
2025-05-05T19:17:08.3325640Z 
2025-05-05T19:17:08.3325657Z Source directory     : /tmp/8dd8c096c8b2d70
2025-05-05T19:17:08.3325674Z Destination directory: /home/site/wwwroot
2025-05-05T19:17:08.3325714Z 
2025-05-05T19:17:08.3325728Z 
2025-05-05T19:17:08.3325748Z Downloading and extracting 'python' version '3.10.17' to '/tmp/oryx/platforms/python/3.10.17'...
2025-05-05T19:17:08.3325765Z Detected image debian flavor: bullseye.
2025-05-05T19:17:10.2712585Z Downloaded in 3 sec(s).
2025-05-05T19:17:10.3090738Z Verifying checksum...
2025-05-05T19:17:10.3428480Z Extracting contents...
2025-05-05T19:17:14.6256499Z performing sha512 checksum for: python...
2025-05-05T19:17:14.9567640Z Done in 7 sec(s).
2025-05-05T19:17:14.9651830Z 
2025-05-05T19:17:14.9829172Z image detector file exists, platform is python..
2025-05-05T19:17:14.9927826Z OS detector file exists, OS is bullseye..
2025-05-05T19:17:15.0825719Z Python Version: /tmp/oryx/platforms/python/3.10.17/bin/python3.10
2025-05-05T19:17:15.0896694Z Creating directory for command manifest file if it does not exist
2025-05-05T19:17:15.1106194Z Removing existing manifest file
2025-05-05T19:17:15.1185665Z Python Virtual Environment: antenv
2025-05-05T19:17:15.1247963Z Creating virtual environment...
2025-05-05T19:17:18.3393596Z Activating virtual environment...
2025-05-05T19:17:18.3746803Z Running pip install...
2025-05-05T19:17:22.3654412Z [19:17:19+0000] Collecting blinker==1.9.0
2025-05-05T19:17:22.3864735Z [19:17:19+0000]   Downloading blinker-1.9.0-py3-none-any.whl (8.5 kB)
2025-05-05T19:17:22.4096020Z [19:17:19+0000] Collecting click==8.1.8
2025-05-05T19:17:22.4384848Z [19:17:19+0000]   Downloading click-8.1.8-py3-none-any.whl (98 kB)
2025-05-05T19:17:22.4507324Z [19:17:19+0000]      â”â”â”â”â”â”â”â”â”â”â”â”â”â”â”â”â”â”â”â”â”â”â”â”â”â”â”â”â”â”â”â”â”â”â”â”â”â”â”â” 98.2/98.2 kB 4.1 MB/s eta 0:00:00
2025-05-05T19:17:22.4593691Z [19:17:19+0000] Collecting colorama==0.4.6
2025-05-05T19:17:22.4657878Z [19:17:19+0000]   Downloading colorama-0.4.6-py2.py3-none-any.whl (25 kB)
2025-05-05T19:17:22.4739751Z [19:17:19+0000] Collecting Flask==3.1.0
2025-05-05T19:17:22.4820947Z [19:17:19+0000]   Downloading flask-3.1.0-py3-none-any.whl (102 kB)
2025-05-05T19:17:22.5026036Z [19:17:19+0000]      â”â”â”â”â”â”â”â”â”â”â”â”â”â”â”â”â”â”â”â”â”â”â”â”â”â”â”â”â”â”â”â”â”â”â”â”â”â” 103.0/103.0 kB 12.5 MB/s eta 0:00:00
2025-05-05T19:17:22.5128405Z [19:17:19+0000] Collecting itsdangerous==2.2.0
2025-05-05T19:17:22.5203445Z [19:17:19+0000]   Downloading itsdangerous-2.2.0-py3-none-any.whl (16 kB)
2025-05-05T19:17:22.5291272Z [19:17:20+0000] Collecting Jinja2==3.1.6
2025-05-05T19:17:22.5382939Z [19:17:20+0000]   Downloading jinja2-3.1.6-py3-none-any.whl (134 kB)
2025-05-05T19:17:22.5597341Z [19:17:20+0000]      â”â”â”â”â”â”â”â”â”â”â”â”â”â”â”â”â”â”â”â”â”â”â”â”â”â”â”â”â”â”â”â”â”â”â”â”â”â” 134.9/134.9 kB 18.5 MB/s eta 0:00:00
2025-05-05T19:17:22.5680952Z [19:17:20+0000] Collecting MarkupSafe==3.0.2
2025-05-05T19:17:22.5772842Z [19:17:20+0000]   Downloading MarkupSafe-3.0.2-cp310-cp310-manylinux_2_17_x86_64.manylinux2014_x86_64.whl (20 kB)
2025-05-05T19:17:22.5837091Z [19:17:20+0000] Collecting pytz==2025.2
2025-05-05T19:17:22.5945568Z [19:17:20+0000]   Downloading pytz-2025.2-py2.py3-none-any.whl (509 kB)
2025-05-05T19:17:22.6057195Z [19:17:20+0000]      â”â”â”â”â”â”â”â”â”â”â”â”â”â”â”â”â”â”â”â”â”â”â”â”â”â”â”â”â”â”â”â”â”â”â”â”â”â” 509.2/509.2 kB 19.2 MB/s eta 0:00:00
2025-05-05T19:17:22.6281323Z [19:17:20+0000] Collecting Werkzeug==3.1.3
2025-05-05T19:17:22.6452733Z [19:17:20+0000]   Downloading werkzeug-3.1.3-py3-none-any.whl (224 kB)
2025-05-05T19:17:22.6685003Z [19:17:20+0000]      â”â”â”â”â”â”â”â”â”â”â”â”â”â”â”â”â”â”â”â”â”â”â”â”â”â”â”â”â”â”â”â”â”â”â”â”â”â” 224.5/224.5 kB 39.9 MB/s eta 0:00:00
2025-05-05T19:17:22.6805280Z [19:17:21+0000] Installing collected packages: pytz, MarkupSafe, itsdangerous, colorama, click, blinker, Werkzeug, Jinja2, Flask
2025-05-05T19:17:22.6884388Z [19:17:22+0000] Successfully installed Flask-3.1.0 Jinja2-3.1.6 MarkupSafe-3.0.2 Werkzeug-3.1.3 blinker-1.9.0 click-8.1.8 colorama-0.4.6 itsdangerous-2.2.0 pytz-2025.2
2025-05-05T19:17:22.6942308Z 
2025-05-05T19:17:22.7084989Z [notice] A new release of pip is available: 23.0.1 -> 25.1.1
2025-05-05T19:17:22.7182881Z [notice] To update, run: pip install --upgrade pip
2025-05-05T19:17:22.7332243Z Not a vso image, so not writing build commands
2025-05-05T19:17:22.7433673Z Preparing output...
2025-05-05T19:17:22.7590532Z 
2025-05-05T19:17:22.7768156Z Copying files to destination directory '/tmp/_preCompressedDestinationDir'...
2025-05-05T19:17:23.1865886Z Done in 1 sec(s).
2025-05-05T19:17:23.1944206Z Compressing content of directory '/tmp/_preCompressedDestinationDir'...
2025-05-05T19:17:24.6561040Z Copied the compressed output to '/home/site/wwwroot'
2025-05-05T19:17:24.7046232Z 
2025-05-05T19:17:24.7149284Z Removing existing manifest file
2025-05-05T19:17:24.7239576Z Creating a manifest file...
2025-05-05T19:17:24.7328884Z Manifest file created.
2025-05-05T19:17:24.7381346Z Copying .ostype to manifest output directory.
2025-05-05T19:17:24.7451296Z 
2025-05-05T19:17:24.7519679Z Done in 17 sec(s).
2025-05-05T19:20:45.6815589Z     __ __          __      __    _ __     
2025-05-05T19:20:45.6913278Z    / //_/_  _ ____/ /_  __/ /   (_) /____ 
2025-05-05T19:20:45.6913364Z   / ,< / / / / __  / / / / /   / / __/ _  
2025-05-05T19:20:45.6913418Z  / /| / /_/ / /_/ / /_/ / /___/ / /_/  __/
2025-05-05T19:20:45.6913436Z /_/ |_\__,_/\__,_/\__,_/_____/_/\__/\___/ 
2025-05-05T19:20:45.6913469Z 
2025-05-05T19:20:45.6913491Z                                           
2025-05-05T19:20:45.6913531Z DEBUG CONSOLE | AZURE APP SERVICE ON LINUX
2025-05-05T19:20:45.6913546Z 
2025-05-05T19:20:45.6913565Z Documentation: http://aka.ms/webapp-linux
2025-05-05T19:20:45.6913582Z Kudu Version : 20250415.4
2025-05-05T19:20:45.6913600Z Commit       : 4daf9e0c104d05cf6c82d02a0722563488f851b4
2025-05-05T19:20:45.6913616Z 
2025-05-05T19:20:45.8788525Z chown: changing ownership of '/temp': Operation not permitted
2025-05-05T19:20:45.8834645Z chmod: changing permissions of '/temp': Operation not permitted
2025-05-05T19:20:46.3638312Z Restarting OpenBSD Secure Shell server: sshd.
2025-05-05T19:20:46.3847302Z node not running, starting node /opt/webssh/index.js
2025-05-05T19:20:48.3783830Z Mon May 5 19:20:48 UTC 2025 running .net core
2025-05-05T19:20:48.9937896Z Startup : 07.20.48.981381
2025-05-05T19:20:49.0286284Z Configure Services : 07.20.49.028467
2025-05-05T19:20:49.3892564Z Configure : 07.20.49.388587
2025-05-05T19:20:49.9836682Z Setting Up Routes : 07.20.49.687685
2025-05-05T19:20:50.0455445Z Exiting Configure : 07.20.50.045009
2025-05-05T19:20:50.3799302Z Hosting environment: Production
2025-05-05T19:20:50.3799598Z Content root path: /opt/Kudu
2025-05-05T19:20:50.3825425Z Now listening on: http://0.0.0.0:8181
2025-05-05T19:20:50.3825692Z Application started. Press Ctrl+C to shut down.
